2022-06-21 21:17:21.219682 [info]:  =============Server init================
2022-06-21 21:17:21.219698 [info]:  Port: 1316,OpenLinger: false
2022-06-21 21:17:21.219702 [info]:  Listen Mode: LT, Conn Mode: LT
2022-06-21 21:17:21.219706 [info]:  Log level: 0
2022-06-21 21:17:21.219709 [info]:  srcDir: /home/liuyuying123/desktop/c++/unix_network/git_code/c_programming/Server/Server-threads/my-WebServer/resources/
2022-06-21 21:17:21.219712 [info]:  SqlConnPool num: 12, ThreadPool num: 4
2022-06-21 21:17:21.221340 [error]: test Mysql!
2022-06-21 21:17:21.221508 [error]: MySql Connect error!
2022-06-21 21:17:21.221558 [info]:  MySql Connect success!
2022-06-21 21:17:21.221566 [error]: test Mysql!
2022-06-21 21:17:21.221584 [error]: MySql Connect error!
2022-06-21 21:17:21.221670 [info]:  MySql Connect success!
2022-06-21 21:17:21.221718 [error]: test Mysql!
2022-06-21 21:17:21.221739 [error]: MySql Connect error!
2022-06-21 21:17:21.221960 [info]:  MySql Connect success!
2022-06-21 21:17:21.222024 [error]: test Mysql!
2022-06-21 21:17:21.222062 [error]: MySql Connect error!
2022-06-21 21:17:21.222110 [info]:  MySql Connect success!
2022-06-21 21:17:21.222118 [error]: test Mysql!
2022-06-21 21:17:21.222136 [error]: MySql Connect error!
2022-06-21 21:17:21.222216 [info]:  MySql Connect success!
2022-06-21 21:17:21.222262 [error]: test Mysql!
2022-06-21 21:17:21.222288 [error]: MySql Connect error!
2022-06-21 21:17:21.222515 [info]:  MySql Connect success!
2022-06-21 21:17:21.222731 [error]: test Mysql!
2022-06-21 21:17:21.222833 [error]: MySql Connect error!
2022-06-21 21:17:21.222906 [info]:  MySql Connect success!
2022-06-21 21:17:21.222915 [error]: test Mysql!
2022-06-21 21:17:21.223003 [error]: MySql Connect error!
2022-06-21 21:17:21.223051 [info]:  MySql Connect success!
2022-06-21 21:17:21.223059 [error]: test Mysql!
2022-06-21 21:17:21.223084 [error]: MySql Connect error!
2022-06-21 21:17:21.223176 [info]:  MySql Connect success!
2022-06-21 21:17:21.223224 [error]: test Mysql!
2022-06-21 21:17:21.223246 [error]: MySql Connect error!
2022-06-21 21:17:21.223384 [info]:  MySql Connect success!
2022-06-21 21:17:21.223439 [error]: test Mysql!
2022-06-21 21:17:21.223463 [error]: MySql Connect error!
2022-06-21 21:17:21.223555 [info]:  MySql Connect success!
2022-06-21 21:17:21.223609 [error]: test Mysql!
2022-06-21 21:17:21.223637 [error]: MySql Connect error!
2022-06-21 21:17:21.223705 [info]:  MySql Connect success!
2022-06-21 21:17:21.223733 [info]:  Server init success! Server port is: 1316
2022-06-21 21:17:21.223842 [info]:  ================Server start================
2022-06-21 21:17:26.000891 [info]:  Client[6](192.168.15.151:15050) in, userCount: 1
2022-06-21 21:17:26.000988 [info]:  Client[6] in!
2022-06-21 21:17:26.001034 [info]:  add a new task in task queue!
2022-06-21 21:17:26.003216 [debug]: request path /register.html
2022-06-21 21:17:26.003382 [debug]: file path /home/liuyuying123/desktop/c++/unix_network/git_code/c_programming/Server/Server-threads/my-WebServer/resources//register.html
2022-06-21 21:17:26.003426 [debug]: filesize: 3298, 2 to 3420
2022-06-21 21:17:26.005581 [info]:  add a new task in task queue!
2022-06-21 21:17:26.171475 [info]:  add a new task in task queue!
2022-06-21 21:17:26.174427 [debug]: request path /css/bootstrap.min.css
2022-06-21 21:17:26.174559 [debug]: file path /home/liuyuying123/desktop/c++/unix_network/git_code/c_programming/Server/Server-threads/my-WebServer/resources//css/bootstrap.min.css
2022-06-21 21:17:26.174583 [debug]: filesize: 121260, 2 to 121384
2022-06-21 21:17:26.174667 [info]:  add a new task in task queue!
2022-06-21 21:17:26.176436 [info]:  add a new task in task queue!
2022-06-21 21:17:26.177195 [info]:  Client[7](192.168.15.151:15562) in, userCount: 2
2022-06-21 21:17:26.177256 [info]:  Client[7] in!
2022-06-21 21:17:26.177291 [info]:  Client[8](192.168.15.151:16074) in, userCount: 3
2022-06-21 21:17:26.177321 [info]:  Client[8] in!
2022-06-21 21:17:26.177352 [info]:  Client[9](192.168.15.151:16586) in, userCount: 4
2022-06-21 21:17:26.177380 [info]:  Client[9] in!
2022-06-21 21:17:26.177434 [info]:  Client[10](192.168.15.151:17098) in, userCount: 5
2022-06-21 21:17:26.177463 [info]:  Client[10] in!
2022-06-21 21:17:26.177494 [info]:  Client[11](192.168.15.151:17610) in, userCount: 6
2022-06-21 21:17:26.177505 [info]:  Client[11] in!
2022-06-21 21:17:26.177533 [info]:  add a new task in task queue!
2022-06-21 21:17:26.177571 [info]:  add a new task in task queue!
2022-06-21 21:17:26.177599 [info]:  add a new task in task queue!
2022-06-21 21:17:26.177607 [info]:  add a new task in task queue!
2022-06-21 21:17:26.177612 [info]:  add a new task in task queue!
2022-06-21 21:17:26.178397 [debug]: request path /css/animate.css
2022-06-21 21:17:26.178484 [debug]: file path /home/liuyuying123/desktop/c++/unix_network/git_code/c_programming/Server/Server-threads/my-WebServer/resources//css/animate.css
2022-06-21 21:17:26.178503 [debug]: filesize: 72922, 2 to 73045
2022-06-21 21:17:26.179476 [debug]: request path /js/bootstrap.min.js
2022-06-21 21:17:26.179544 [debug]: file path /home/liuyuying123/desktop/c++/unix_network/git_code/c_programming/Server/Server-threads/my-WebServer/resources//js/bootstrap.min.js
2022-06-21 21:17:26.179577 [debug]: request path /css/magnific-popup.css
2022-06-21 21:17:26.179581 [debug]: filesize: 36868, 2 to 36998
2022-06-21 21:17:26.179667 [info]:  add a new task in task queue!
2022-06-21 21:17:26.179677 [info]:  add a new task in task queue!
2022-06-21 21:17:26.179698 [debug]: file path /home/liuyuying123/desktop/c++/unix_network/git_code/c_programming/Server/Server-threads/my-WebServer/resources//css/magnific-popup.css
2022-06-21 21:17:26.179714 [debug]: filesize: 6951, 2 to 7073
2022-06-21 21:17:26.180278 [debug]: request path /css/font-awesome.min.css
2022-06-21 21:17:26.180326 [debug]: file path /home/liuyuying123/desktop/c++/unix_network/git_code/c_programming/Server/Server-threads/my-WebServer/resources//css/font-awesome.min.css
2022-06-21 21:17:26.180360 [debug]: filesize: 27392, 2 to 27515
2022-06-21 21:17:26.181060 [info]:  add a new task in task queue!
2022-06-21 21:17:26.181146 [info]:  add a new task in task queue!
2022-06-21 21:17:26.181485 [info]:  add a new task in task queue!
2022-06-21 21:17:26.182457 [debug]: request path /js/jquery.js
2022-06-21 21:17:26.182575 [debug]: file path /home/liuyuying123/desktop/c++/unix_network/git_code/c_programming/Server/Server-threads/my-WebServer/resources//js/jquery.js
2022-06-21 21:17:26.182680 [debug]: filesize: 85658, 2 to 85788
2022-06-21 21:17:26.182792 [debug]: request path /css/style.css
2022-06-21 21:17:26.182798 [info]:  add a new task in task queue!
2022-06-21 21:17:26.183428 [debug]: file path /home/liuyuying123/desktop/c++/unix_network/git_code/c_programming/Server/Server-threads/my-WebServer/resources//css/style.css
2022-06-21 21:17:26.183524 [debug]: filesize: 9243, 2 to 9365
2022-06-21 21:17:26.183658 [info]:  add a new task in task queue!
2022-06-21 21:17:26.184795 [debug]: request path /js/smoothscroll.js
2022-06-21 21:17:26.185027 [debug]: file path /home/liuyuying123/desktop/c++/unix_network/git_code/c_programming/Server/Server-threads/my-WebServer/resources//js/smoothscroll.js
2022-06-21 21:17:26.185094 [debug]: filesize: 4474, 2 to 4603
2022-06-21 21:17:26.185224 [info]:  add a new task in task queue!
2022-06-21 21:17:26.187520 [info]:  add a new task in task queue!
2022-06-21 21:17:26.189787 [debug]: request path /js/jquery.magnific-popup.min.js
2022-06-21 21:17:26.189986 [debug]: file path /home/liuyuying123/desktop/c++/unix_network/git_code/c_programming/Server/Server-threads/my-WebServer/resources//js/jquery.magnific-popup.min.js
2022-06-21 21:17:26.190097 [debug]: filesize: 20932, 2 to 21062
2022-06-21 21:17:26.190224 [info]:  add a new task in task queue!
2022-06-21 21:17:26.192341 [info]:  add a new task in task queue!
2022-06-21 21:17:26.194410 [debug]: request path /js/magnific-popup-options.js
2022-06-21 21:17:26.194572 [debug]: file path /home/liuyuying123/desktop/c++/unix_network/git_code/c_programming/Server/Server-threads/my-WebServer/resources//js/magnific-popup-options.js
2022-06-21 21:17:26.194626 [debug]: filesize: 1069, 2 to 1198
2022-06-21 21:17:26.194734 [info]:  add a new task in task queue!
2022-06-21 21:17:26.195518 [info]:  add a new task in task queue!
2022-06-21 21:17:26.195997 [info]:  add a new task in task queue!
2022-06-21 21:17:26.198462 [debug]: request path /js/custom.js
2022-06-21 21:17:26.198613 [debug]: file path /home/liuyuying123/desktop/c++/unix_network/git_code/c_programming/Server/Server-threads/my-WebServer/resources//js/custom.js
2022-06-21 21:17:26.198681 [debug]: filesize: 1047, 2 to 1176
2022-06-21 21:17:26.198748 [info]:  add a new task in task queue!
2022-06-21 21:17:26.200438 [debug]: request path /js/wow.min.js
2022-06-21 21:17:26.200589 [debug]: file path /home/liuyuying123/desktop/c++/unix_network/git_code/c_programming/Server/Server-threads/my-WebServer/resources//js/wow.min.js
2022-06-21 21:17:26.200649 [debug]: filesize: 7082, 2 to 7211
2022-06-21 21:17:26.200786 [info]:  add a new task in task queue!
2022-06-21 21:17:27.734110 [info]:  Client[12](192.168.15.151:18122) in, userCount: 7
2022-06-21 21:17:27.734542 [info]:  Client[12] in!
2022-06-21 21:17:27.734619 [info]:  add a new task in task queue!
2022-06-21 21:17:27.737450 [debug]: request path /css/bootstrap.min.css.map
2022-06-21 21:17:27.737630 [debug]: file path /home/liuyuying123/desktop/c++/unix_network/git_code/c_programming/Server/Server-threads/my-WebServer/resources//404.html
2022-06-21 21:17:27.737698 [debug]: filesize: 3065, 2 to 3194
2022-06-21 21:17:27.737820 [info]:  add a new task in task queue!
2022-06-21 21:17:31.201114 [info]:  add a new task in task queue!
2022-06-21 21:17:31.207649 [debug]: test parsePost_!
2022-06-21 21:17:31.208001 [debug]: username = ss
2022-06-21 21:17:31.208226 [debug]: Tag:0
2022-06-21 21:17:31.208471 [debug]: test userVerify!
2022-06-21 21:17:31.208653 [info]:  Verify name:ss pwd:ss
2022-06-21 21:17:31.208794 [info]:  Getting a MySql connection!
2022-06-21 21:17:31.208960 [debug]: test sqlrequest!
2022-06-21 21:18:29.269550 [info]:  =============Server init================
2022-06-21 21:18:29.269578 [info]:  Port: 1316,OpenLinger: false
2022-06-21 21:18:29.269585 [info]:  Listen Mode: LT, Conn Mode: LT
2022-06-21 21:18:29.269588 [info]:  Log level: 0
2022-06-21 21:18:29.269592 [info]:  srcDir: /home/liuyuying123/desktop/c++/unix_network/git_code/c_programming/Server/Server-threads/my-WebServer/resources/
2022-06-21 21:18:29.269595 [info]:  SqlConnPool num: 12, ThreadPool num: 4
2022-06-21 21:18:29.271133 [error]: test Mysql!
2022-06-21 21:18:29.271252 [error]: MySql Connect error!
2022-06-21 21:18:29.271281 [info]:  MySql Connect success!
2022-06-21 21:18:29.271289 [error]: test Mysql!
2022-06-21 21:18:29.271311 [error]: MySql Connect error!
2022-06-21 21:18:29.271394 [info]:  MySql Connect success!
2022-06-21 21:18:29.271437 [error]: test Mysql!
2022-06-21 21:18:29.271464 [error]: MySql Connect error!
2022-06-21 21:18:29.271574 [info]:  MySql Connect success!
2022-06-21 21:18:29.271680 [error]: test Mysql!
2022-06-21 21:18:29.271755 [error]: MySql Connect error!
2022-06-21 21:18:29.271874 [info]:  MySql Connect success!
2022-06-21 21:18:29.271997 [error]: test Mysql!
2022-06-21 21:18:29.272128 [error]: MySql Connect error!
2022-06-21 21:18:29.272174 [info]:  MySql Connect success!
2022-06-21 21:18:29.272239 [error]: test Mysql!
2022-06-21 21:18:29.272288 [error]: MySql Connect error!
2022-06-21 21:18:29.272343 [info]:  MySql Connect success!
2022-06-21 21:18:29.272358 [error]: test Mysql!
2022-06-21 21:18:29.272391 [error]: MySql Connect error!
2022-06-21 21:18:29.272449 [info]:  MySql Connect success!
2022-06-21 21:18:29.272490 [error]: test Mysql!
2022-06-21 21:18:29.272535 [error]: MySql Connect error!
2022-06-21 21:18:29.272583 [info]:  MySql Connect success!
2022-06-21 21:18:29.272601 [error]: test Mysql!
2022-06-21 21:18:29.272634 [error]: MySql Connect error!
2022-06-21 21:18:29.272645 [info]:  MySql Connect success!
2022-06-21 21:18:29.272716 [error]: test Mysql!
2022-06-21 21:18:29.272819 [error]: MySql Connect error!
2022-06-21 21:18:29.272982 [info]:  MySql Connect success!
2022-06-21 21:18:29.273053 [error]: test Mysql!
2022-06-21 21:18:29.273084 [error]: MySql Connect error!
2022-06-21 21:18:29.273089 [info]:  MySql Connect success!
2022-06-21 21:18:29.273094 [error]: test Mysql!
2022-06-21 21:18:29.273127 [error]: MySql Connect error!
2022-06-21 21:18:29.273157 [info]:  MySql Connect success!
2022-06-21 21:18:29.273240 [info]:  Server init success! Server port is: 1316
2022-06-21 21:18:29.273281 [info]:  ================Server start================
2022-06-21 21:18:34.258193 [info]:  Client[6](192.168.15.151:19658) in, userCount: 1
2022-06-21 21:18:34.258293 [info]:  Client[6] in!
2022-06-21 21:18:34.258337 [info]:  add a new task in task queue!
2022-06-21 21:18:34.260330 [debug]: request path /register.html
2022-06-21 21:18:34.260432 [debug]: file path /home/liuyuying123/desktop/c++/unix_network/git_code/c_programming/Server/Server-threads/my-WebServer/resources//register.html
2022-06-21 21:18:34.260491 [debug]: filesize: 3298, 2 to 3420
2022-06-21 21:18:34.260604 [info]:  add a new task in task queue!
2022-06-21 21:18:34.375582 [info]:  add a new task in task queue!
2022-06-21 21:18:34.377800 [debug]: request path /css/bootstrap.min.css
2022-06-21 21:18:34.377929 [debug]: file path /home/liuyuying123/desktop/c++/unix_network/git_code/c_programming/Server/Server-threads/my-WebServer/resources//css/bootstrap.min.css
2022-06-21 21:18:34.377974 [debug]: filesize: 121260, 2 to 121384
2022-06-21 21:18:34.378049 [info]:  add a new task in task queue!
2022-06-21 21:18:34.379174 [info]:  add a new task in task queue!
2022-06-21 21:18:34.380406 [info]:  Client[7](192.168.15.151:20170) in, userCount: 2
2022-06-21 21:18:34.380587 [info]:  Client[7] in!
2022-06-21 21:18:34.380633 [info]:  Client[8](192.168.15.151:20682) in, userCount: 3
2022-06-21 21:18:34.380670 [info]:  Client[8] in!
2022-06-21 21:18:34.380754 [info]:  add a new task in task queue!
2022-06-21 21:18:34.382800 [debug]: request path /css/animate.css
2022-06-21 21:18:34.383000 [debug]: file path /home/liuyuying123/desktop/c++/unix_network/git_code/c_programming/Server/Server-threads/my-WebServer/resources//css/animate.css
2022-06-21 21:18:34.383073 [debug]: filesize: 72922, 2 to 73045
2022-06-21 21:18:34.383113 [info]:  add a new task in task queue!
2022-06-21 21:18:34.383786 [debug]: request path /css/magnific-popup.css
2022-06-21 21:18:34.383904 [debug]: file path /home/liuyuying123/desktop/c++/unix_network/git_code/c_programming/Server/Server-threads/my-WebServer/resources//css/magnific-popup.css
2022-06-21 21:18:34.384016 [debug]: filesize: 6951, 2 to 7073
2022-06-21 21:18:34.384235 [info]:  add a new task in task queue!
2022-06-21 21:18:34.388930 [info]:  add a new task in task queue!
2022-06-21 21:18:34.391148 [debug]: request path /css/font-awesome.min.css
2022-06-21 21:18:34.391343 [debug]: file path /home/liuyuying123/desktop/c++/unix_network/git_code/c_programming/Server/Server-threads/my-WebServer/resources//css/font-awesome.min.css
2022-06-21 21:18:34.391361 [debug]: filesize: 27392, 2 to 27515
2022-06-21 21:18:34.391409 [info]:  add a new task in task queue!
2022-06-21 21:18:34.392439 [info]:  add a new task in task queue!
2022-06-21 21:18:34.392914 [info]:  add a new task in task queue!
2022-06-21 21:18:34.394588 [debug]: request path /css/style.css
2022-06-21 21:18:34.394743 [debug]: file path /home/liuyuying123/desktop/c++/unix_network/git_code/c_programming/Server/Server-threads/my-WebServer/resources//css/style.css
2022-06-21 21:18:34.394760 [debug]: filesize: 9243, 2 to 9365
2022-06-21 21:18:34.395517 [info]:  add a new task in task queue!
2022-06-21 21:18:34.395757 [debug]: request path /js/jquery.js
2022-06-21 21:18:34.395848 [debug]: file path /home/liuyuying123/desktop/c++/unix_network/git_code/c_programming/Server/Server-threads/my-WebServer/resources//js/jquery.js
2022-06-21 21:18:34.395868 [debug]: filesize: 85658, 2 to 85788
2022-06-21 21:18:34.395933 [info]:  add a new task in task queue!
2022-06-21 21:18:34.396853 [info]:  add a new task in task queue!
2022-06-21 21:18:34.400140 [debug]: request path /js/bootstrap.min.js
2022-06-21 21:18:34.400808 [debug]: file path /home/liuyuying123/desktop/c++/unix_network/git_code/c_programming/Server/Server-threads/my-WebServer/resources//js/bootstrap.min.js
2022-06-21 21:18:34.400983 [debug]: filesize: 36868, 2 to 36998
2022-06-21 21:18:34.401258 [info]:  add a new task in task queue!
2022-06-21 21:18:34.403974 [info]:  add a new task in task queue!
2022-06-21 21:18:34.406553 [debug]: request path /js/smoothscroll.js
2022-06-21 21:18:34.406692 [debug]: file path /home/liuyuying123/desktop/c++/unix_network/git_code/c_programming/Server/Server-threads/my-WebServer/resources//js/smoothscroll.js
2022-06-21 21:18:34.406775 [debug]: filesize: 4474, 2 to 4603
2022-06-21 21:18:34.407313 [info]:  add a new task in task queue!
2022-06-21 21:18:34.407557 [info]:  add a new task in task queue!
2022-06-21 21:18:34.408103 [info]:  add a new task in task queue!
2022-06-21 21:18:34.409493 [debug]: request path /js/jquery.magnific-popup.min.js
2022-06-21 21:18:34.409629 [debug]: file path /home/liuyuying123/desktop/c++/unix_network/git_code/c_programming/Server/Server-threads/my-WebServer/resources//js/jquery.magnific-popup.min.js
2022-06-21 21:18:34.409721 [debug]: filesize: 20932, 2 to 21062
2022-06-21 21:18:34.409810 [info]:  add a new task in task queue!
2022-06-21 21:18:34.410159 [debug]: request path /js/magnific-popup-options.js
2022-06-21 21:18:34.410298 [debug]: file path /home/liuyuying123/desktop/c++/unix_network/git_code/c_programming/Server/Server-threads/my-WebServer/resources//js/magnific-popup-options.js
2022-06-21 21:18:34.410326 [debug]: filesize: 1069, 2 to 1198
2022-06-21 21:18:34.410401 [info]:  add a new task in task queue!
2022-06-21 21:18:34.410837 [info]:  add a new task in task queue!
2022-06-21 21:18:34.411369 [info]:  add a new task in task queue!
2022-06-21 21:18:34.414903 [debug]: request path /js/custom.js
2022-06-21 21:18:34.415071 [debug]: file path /home/liuyuying123/desktop/c++/unix_network/git_code/c_programming/Server/Server-threads/my-WebServer/resources//js/custom.js
2022-06-21 21:18:34.415185 [debug]: filesize: 1047, 2 to 1176
2022-06-21 21:18:34.415360 [info]:  add a new task in task queue!
2022-06-21 21:18:34.417498 [debug]: request path /js/wow.min.js
2022-06-21 21:18:34.417623 [debug]: file path /home/liuyuying123/desktop/c++/unix_network/git_code/c_programming/Server/Server-threads/my-WebServer/resources//js/wow.min.js
2022-06-21 21:18:34.417639 [debug]: filesize: 7082, 2 to 7211
2022-06-21 21:18:34.418617 [info]:  add a new task in task queue!
2022-06-21 21:18:35.398634 [info]:  Client[9](192.168.15.151:21194) in, userCount: 4
2022-06-21 21:18:35.398764 [info]:  Client[9] in!
2022-06-21 21:18:35.398837 [info]:  add a new task in task queue!
2022-06-21 21:18:35.400791 [debug]: request path /css/bootstrap.min.css.map
2022-06-21 21:18:35.400913 [debug]: file path /home/liuyuying123/desktop/c++/unix_network/git_code/c_programming/Server/Server-threads/my-WebServer/resources//404.html
2022-06-21 21:18:35.400955 [debug]: filesize: 3065, 2 to 3194
2022-06-21 21:18:35.401054 [info]:  add a new task in task queue!
2022-06-21 21:18:39.382551 [info]:  Client[8] quit!
2022-06-21 21:18:39.382847 [info]:  Client[8](192.168.15.151:20682) quit, userCount: 3
2022-06-21 21:18:39.553477 [info]:  add a new task in task queue!
2022-06-21 21:18:39.556884 [debug]: test parsePost_!
2022-06-21 21:18:39.557158 [debug]: username = ss
